#
# There is insufficient memory for the Java Runtime Environment to continue.
# Native memory allocation (mmap) failed to map 54525952 bytes for Failed to commit area from 0x0000000710c00000 to 0x0000000714000000 of length 54525952.
# Possible reasons:
#   The system is out of physical RAM or swap space
#   The process is running with CompressedOops enabled, and the Java Heap may be blocking the growth of the native heap
# Possible solutions:
#   Reduce memory load on the system
#   Increase physical memory or swap space
#   Check if swap backing store is full
#   Decrease Java heap size (-Xmx/-Xms)
#   Decrease number of Java threads
#   Decrease Java thread stack sizes (-Xss)
#   Set larger code cache with -XX:ReservedCodeCacheSize=
#   JVM is running with Zero Based Compressed Oops mode in which the Java heap is
#     placed in the first 32GB address space. The Java Heap base address is the
#     maximum limit for the native heap growth. Please use -XX:HeapBaseMinAddress
#     to set the Java Heap base and to place the Java Heap above 32GB virtual address.
# This output file may be truncated or incomplete.
#
#  Out of Memory Error (./open/src/hotspot/os/windows/os_windows.cpp:3275), pid=8980, tid=7764
#
# JRE version: Java(TM) SE Runtime Environment 18.9 (11.0.8+10) (build 11.0.8+10-LTS)
# Java VM: Java HotSpot(TM) 64-Bit Server VM 18.9 (11.0.8+10-LTS, mixed mode, tiered, compressed oops, g1 gc, windows-amd64)
# No core dump will be written. Minidumps are not enabled by default on client versions of Windows
#

---------------  S U M M A R Y ------------

Command Line: -agentlib:jdwp=transport=dt_socket,address=127.0.0.1:54088,suspend=y,server=n -javaagent:C:\Users\Lúcia\.IdeaIC2019.1\system\captureAgent\debugger-agent.jar -Dfile.encoding=UTF-8 com.example.FoodManagement.FoodManagementApplication

Host: AMD Ryzen 5 2600 Six-Core Processor            , 12 cores, 15G,  Windows 10 , 64 bit Build 18362 (10.0.18362.86)
Time: Sun Mar 21 20:30:36 2021 Közép-európai téli ido  elapsed time: 3 seconds (0d 0h 0m 3s)

---------------  T H R E A D  ---------------

Current thread (0x0000022647f06800):  VMThread "VM Thread" [stack: 0x00000086e0f00000,0x00000086e1000000] [id=7764]

Stack: [0x00000086e0f00000,0x00000086e1000000]
[error occurred during error reporting (printing stack bounds), id 0xc0000005, EXCEPTION_ACCESS_VIOLATION (0xc0000005) at pc=0x000002262bd20dad]

Native frames: (J=compiled Java code, j=interpreted, Vv=VM code, C=native code)
V  [jvm.dll+0x601aea]
V  [jvm.dll+0x737fef]
V  [jvm.dll+0x739675]
V  [jvm.dll+0x739c55]
V  [jvm.dll+0x739c0b]
V  [jvm.dll+0x6013d3]
V  [jvm.dll+0x601798]
C  [ntdll.dll+0xa119f]
C  [ntdll.dll+0x6a229]
C  [ntdll.dll+0x9fe0e]
C  0x000002262bd20dad

VM_Operation (0x00000086e24fb150): G1CollectForAllocation, mode: safepoint, requested by thread 0x000002264980e000


---------------  P R O C E S S  ---------------

Threads class SMR info:
_java_thread_list=0x000002264c2efea0, length=22, elements={
0x0000022622158800, 0x0000022647f0b800, 0x0000022647f0d000, 0x000002264880d800,
0x000002264880f000, 0x0000022648811000, 0x000002264881e000, 0x0000022648823000,
0x0000022648790800, 0x00000226489cc800, 0x0000022648c48800, 0x0000022648c4c000,
0x0000022648c4c800, 0x0000022648c91800, 0x000002264981c800, 0x000002264980e000,
0x000002264de11800, 0x000002264de7e000, 0x000002264bfa1800, 0x000002265170f000,
0x00000226515ed000, 0x00000226515ef800
}

Java Threads: ( => current thread )
  0x0000022622158800 JavaThread "main" [_thread_blocked, id=2584, stack(0x00000086e0900000,0x00000086e0a00000)]
  0x0000022647f0b800 JavaThread "Reference Handler" daemon [_thread_blocked, id=12608, stack(0x00000086e1000000,0x00000086e1100000)]
  0x0000022647f0d000 JavaThread "Finalizer" daemon [_thread_blocked, id=7580, stack(0x00000086e1100000,0x00000086e1200000)]
  0x000002264880d800 JavaThread "Signal Dispatcher" daemon [_thread_blocked, id=11168, stack(0x00000086e1200000,0x00000086e1300000)]
  0x000002264880f000 JavaThread "Attach Listener" daemon [_thread_blocked, id=12484, stack(0x00000086e1300000,0x00000086e1400000)]
  0x0000022648811000 JavaThread "C2 CompilerThread0" daemon [_thread_blocked, id=19320, stack(0x00000086e1400000,0x00000086e1500000)]
  0x000002264881e000 JavaThread "C1 CompilerThread0" daemon [_thread_blocked, id=6724, stack(0x00000086e1500000,0x00000086e1600000)]
  0x0000022648823000 JavaThread "Sweeper thread" daemon [_thread_blocked, id=1168, stack(0x00000086e1600000,0x00000086e1700000)]
  0x0000022648790800 JavaThread "Common-Cleaner" daemon [_thread_blocked, id=20036, stack(0x00000086e1700000,0x00000086e1800000)]
  0x00000226489cc800 JavaThread "C2 CompilerThread1" daemon [_thread_blocked, id=10260, stack(0x00000086e1800000,0x00000086e1900000)]
  0x0000022648c48800 JavaThread "JDWP Transport Listener: dt_socket" daemon [_thread_blocked, id=17656, stack(0x00000086e1900000,0x00000086e1a00000)]
  0x0000022648c4c000 JavaThread "JDWP Event Helper Thread" daemon [_thread_blocked, id=11860, stack(0x00000086e1a00000,0x00000086e1b00000)]
  0x0000022648c4c800 JavaThread "JDWP Command Reader" daemon [_thread_in_native, id=2236, stack(0x00000086e1b00000,0x00000086e1c00000)]
  0x0000022648c91800 JavaThread "Service Thread" daemon [_thread_blocked, id=14340, stack(0x00000086e1c00000,0x00000086e1d00000)]
  0x000002264981c800 JavaThread "Thread-0" [_thread_blocked, id=496, stack(0x00000086e2300000,0x00000086e2400000)]
  0x000002264980e000 JavaThread "restartedMain" [_thread_blocked, id=12312, stack(0x00000086e2400000,0x00000086e2500000)]
  0x000002264de11800 JavaThread "Catalina-utility-1" [_thread_blocked, id=16848, stack(0x00000086e2a00000,0x00000086e2b00000)]
  0x000002264de7e000 JavaThread "Catalina-utility-2" [_thread_blocked, id=18228, stack(0x00000086e2b00000,0x00000086e2c00000)]
  0x000002264bfa1800 JavaThread "container-0" [_thread_blocked, id=12972, stack(0x00000086e2c00000,0x00000086e2d00000)]
  0x000002265170f000 JavaThread "Abandoned connection cleanup thread" daemon [_thread_blocked, id=3816, stack(0x00000086e2d00000,0x00000086e2e00000)]
  0x00000226515ed000 JavaThread "HikariPool-1 housekeeper" daemon [_thread_blocked, id=9548, stack(0x00000086e2500000,0x00000086e2600000)]
  0x00000226515ef800 JavaThread "HikariPool-1 connection adder" daemon [_thread_blocked, id=4792, stack(0x00000086e2f00000,0x00000086e3000000)]

Other Threads:
=>0x0000022647f06800 VMThread "VM Thread" [stack: 0x00000086e0f00000,0x00000086e1000000] [id=7764]
  0x0000022648f38800 WatcherThread [stack: 0x00000086e1d00000,0x00000086e1e00000] [id=15140]
  0x000002262216d000 GCTaskThread "GC Thread#0" [stack: 0x00000086e0a00000,0x00000086e0b00000] [id=7024]
  0x00000226497ea800 GCTaskThread "GC Thread#1" [stack: 0x00000086e1e00000,0x00000086e1f00000] [id=19572]
  0x00000226497eb000 GCTaskThread "GC Thread#2" [stack: 0x00000086e1f00000,0x00000086e2000000] [id=17568]
  0x00000226497ec000 GCTaskThread "GC Thread#3" [stack: 0x00000086e2000000,0x00000086e2100000] [id=15144]
  0x00000226497f0800 GCTaskThread "GC Thread#4" [stack: 0x00000086e2100000,0x00000086e2200000] [id=10044]
  0x00000226497f1000 GCTaskThread "GC Thread#5" [stack: 0x00000086e2200000,0x00000086e2300000] [id=2080]
  0x0000022649d69800 GCTaskThread "GC Thread#6" [stack: 0x00000086e2600000,0x00000086e2700000] [id=11816]
  0x0000022649869800 GCTaskThread "GC Thread#7" [stack: 0x00000086e2700000,0x00000086e2800000] [id=15004]
  0x000002264d30b800 GCTaskThread "GC Thread#8" [stack: 0x00000086e3000000,0x00000086e3100000] [id=10748]
  0x000002264e3f9800 GCTaskThread "GC Thread#9" [stack: 0x00000086e3100000,0x00000086e3200000] [id=3592]
  0x00000226221c8000 ConcurrentGCThread "G1 Main Marker" [stack: 0x00000086e0b00000,0x00000086e0c00000] [id=16708]
  0x00000226221cb800 ConcurrentGCThread "G1 Conc#0" [stack: 0x00000086e0c00000,0x00000086e0d00000] [id=17872]
  0x00000226497d7000 ConcurrentGCThread "G1 Conc#1" [stack: 0x00000086e2800000,0x00000086e2900000] [id=17504]
  0x0000022649aa0800 ConcurrentGCThread "G1 Conc#2" [stack: 0x00000086e2900000,0x00000086e2a00000] [id=16628]
  0x0000022647de7800 ConcurrentGCThread "G1 Refine#0" [stack: 0x00000086e0d00000,0x00000086e0e00000] [id=18804]
  0x0000022647de9800 ConcurrentGCThread "G1 Young RemSet Sampling" [stack: 0x00000086e0e00000,0x00000086e0f00000] [id=18840]

Threads with active compile tasks:
C2 CompilerThread0   3626 3987       4       sun.net.util.URLUtil::urlNoFragString (114 bytes)
C2 CompilerThread1   3626 3988   !   4       java.util.concurrent.ConcurrentHashMap::computeIfAbsent (576 bytes)

VM state:at safepoint (normal execution)

VM Mutex/Monitor currently owned by a thread:  ([mutex/lock_event])
[0x0000022621f4ef10] Threads_lock - owner thread: 0x0000022647f06800
[0x0000022621f4e220] Heap_lock - owner thread: 0x000002264980e000

Heap address: 0x0000000700c00000, size: 4084 MB, Compressed Oops mode: Zero based, Oop shift amount: 3
Narrow klass base: 0x0000000800000000, Narrow klass shift: 0
Compressed class space size: 1073741824 Address: 0x0000000800000000

Heap:
 garbage-first heap   total 315392K, used 18907K [0x0000000700c00000, 0x0000000800000000)
  region size 1024K, 13 young (13312K), 13 survivors (13312K)
 Metaspace       used 45466K, capacity 46724K, committed 46848K, reserved 1089536K
  class space    used 5393K, capacity 5864K, committed 5888K, reserved 1048576K
Heap Regions: E=young(eden), S=young(survivor), O=old, HS=humongous(starts), HC=humongous(continues), CS=collection set, F=free, A=archive, TAMS=top-at-mark-start (previous, next)
|   0|0x0000000700c00000, 0x0000000700d00000, 0x0000000700d00000|100%|HS|  |TAMS 0x0000000700d00000, 0x0000000700c00000| Complete 
|   1|0x0000000700d00000, 0x0000000700e00000, 0x0000000700e00000|100%| O|  |TAMS 0x0000000700e00000, 0x0000000700d00000| Untracked 
|   2|0x0000000700e00000, 0x0000000700f00000, 0x0000000700f00000|100%| O|  |TAMS 0x0000000700ef6200, 0x0000000700e00000| Untracked 
|   3|0x0000000700f00000, 0x0000000701000000, 0x0000000701000000|100%| O|  |TAMS 0x0000000700f00000, 0x0000000700f00000| Untracked 
|   4|0x0000000701000000, 0x0000000701100000, 0x0000000701100000|100%| O|  |TAMS 0x0000000701000000, 0x0000000701000000| Untracked 
|   5|0x0000000701100000, 0x00000007011e6400, 0x0000000701200000| 89%| O|  |TAMS 0x0000000701100000, 0x0000000701100000| Untracked 
|   6|0x0000000701200000, 0x0000000701200000, 0x0000000701300000|  0%| F|  |TAMS 0x0000000701200000, 0x0000000701200000| Untracked 
|   7|0x0000000701300000, 0x0000000701300000, 0x0000000701400000|  0%| F|  |TAMS 0x0000000701300000, 0x0000000701300000| Untracked 
|   8|0x0000000701400000, 0x0000000701400000, 0x0000000701500000|  0%| F|  |TAMS 0x0000000701400000, 0x0000000701400000| Untracked 
|   9|0x0000000701500000, 0x0000000701500000, 0x0000000701600000|  0%| F|  |TAMS 0x0000000701500000, 0x0000000701500000| Untracked 
|  10|0x0000000701600000, 0x0000000701600000, 0x0000000701700000|  0%| F|  |TAMS 0x0000000701600000, 0x0000000701600000| Untracked 
|  11|0x0000000701700000, 0x0000000701700000, 0x0000000701800000|  0%| F|  |TAMS 0x0000000701700000, 0x0000000701700000| Untracked 
|  12|0x0000000701800000, 0x0000000701800000, 0x0000000701900000|  0%| F|  |TAMS 0x0000000701800000, 0x0000000701800000| Untracked 
|  13|0x0000000701900000, 0x0000000701900000, 0x0000000701a00000|  0%| F|  |TAMS 0x0000000701900000, 0x0000000701900000| Untracked 
|  14|0x0000000701a00000, 0x0000000701a00000, 0x0000000701b00000|  0%| F|  |TAMS 0x0000000701a00000, 0x0000000701a00000| Untracked 
|  15|0x0000000701b00000, 0x0000000701b00000, 0x0000000701c00000|  0%| F|  |TAMS 0x0000000701b00000, 0x0000000701b00000| Untracked 
|  16|0x0000000701c00000, 0x0000000701c00000, 0x0000000701d00000|  0%| F|  |TAMS 0x0000000701c00000, 0x0000000701c00000| Untracked 
|  17|0x0000000701d00000, 0x0000000701d00000, 0x0000000701e00000|  0%| F|  |TAMS 0x0000000701d00000, 0x0000000701d00000| Untracked 
|  18|0x0000000701e00000, 0x0000000701e00000, 0x0000000701f00000|  0%| F|  |TAMS 0x0000000701e00000, 0x0000000701e00000| Untracked 
|  19|0x0000000701f00000, 0x0000000701f00000, 0x0000000702000000|  0%| F|  |TAMS 0x0000000701f00000, 0x0000000701f00000| Untracked 
|  20|0x0000000702000000, 0x0000000702000000, 0x0000000702100000|  0%| F|  |TAMS 0x0000000702000000, 0x0000000702000000| Untracked 
|  21|0x0000000702100000, 0x0000000702100000, 0x0000000702200000|  0%| F|  |TAMS 0x0000000702100000, 0x0000000702100000| Untracked 
|  22|0x0000000702200000, 0x0000000702200000, 0x0000000702300000|  0%| F|  |TAMS 0x0000000702200000, 0x0000000702200000| Untracked 
|  23|0x0000000702300000, 0x0000000702300000, 0x0000000702400000|  0%| F|  |TAMS 0x0000000702300000, 0x0000000702300000| Untracked 
|  24|0x0000000702400000, 0x0000000702400000, 0x0000000702500000|  0%| F|  |TAMS 0x0000000702400000, 0x0000000702400000| Untracked 
|  25|0x0000000702500000, 0x0000000702500000, 0x0000000702600000|  0%| F|  |TAMS 0x0000000702500000, 0x0000000702500000| Untracked 
|  26|0x0000000702600000, 0x0000000702600000, 0x0000000702700000|  0%| F|  |TAMS 0x0000000702600000, 0x0000000702600000| Untracked 
|  27|0x0000000702700000, 0x0000000702700000, 0x0000000702800000|  0%| F|  |TAMS 0x0000000702700000, 0x0000000702700000| Untracked 
|  28|0x0000000702800000, 0x0000000702800000, 0x0000000702900000|  0%| F|  |TAMS 0x0000000702800000, 0x0000000702800000| Untracked 
|  29|0x0000000702900000, 0x0000000702900000, 0x0000000702a00000|  0%| F|  |TAMS 0x0000000702900000, 0x0000000702900000| Untracked 
|  30|0x0000000702a00000, 0x0000000702a00000, 0x0000000702b00000|  0%| F|  |TAMS 0x0000000702a00000, 0x0000000702a00000| Untracked 
|  31|0x0000000702b00000, 0x0000000702b00000, 0x0000000702c00000|  0%| F|  |TAMS 0x0000000702b00000, 0x0000000702b00000| Untracked 
|  32|0x0000000702c00000, 0x0000000702c00000, 0x0000000702d00000|  0%| F|  |TAMS 0x0000000702c00000, 0x0000000702c00000| Untracked 
|  33|0x0000000702d00000, 0x0000000702d00000, 0x0000000702e00000|  0%| F|  |TAMS 0x0000000702d00000, 0x0000000702d00000| Untracked 
|  34|0x0000000702e00000, 0x0000000702e00000, 0x0000000702f00000|  0%| F|  |TAMS 0x0000000702e00000, 0x0000000702e00000| Untracked 
|  35|0x0000000702f00000, 0x0000000702f00000, 0x0000000703000000|  0%| F|  |TAMS 0x0000000702f00000, 0x0000000702f00000| Untracked 
|  36|0x0000000703000000, 0x0000000703000000, 0x0000000703100000|  0%| F|  |TAMS 0x0000000703000000, 0x0000000703000000| Untracked 
|  37|0x0000000703100000, 0x0000000703100000, 0x0000000703200000|  0%| F|  |TAMS 0x0000000703100000, 0x0000000703100000| Untracked 
|  38|0x0000000703200000, 0x0000000703200000, 0x0000000703300000|  0%| F|  |TAMS 0x0000000703200000, 0x0000000703200000| Untracked 
|  39|0x0000000703300000, 0x0000000703300000, 0x0000000703400000|  0%| F|  |TAMS 0x0000000703300000, 0x0000000703300000| Untracked 
|  40|0x0000000703400000, 0x0000000703400000, 0x0000000703500000|  0%| F|  |TAMS 0x0000000703400000, 0x0000000703400000| Untracked 
|  41|0x0000000703500000, 0x0000000703500000, 0x0000000703600000|  0%| F|  |TAMS 0x0000000703500000, 0x0000000703500000| Untracked 
|  42|0x0000000703600000, 0x0000000703600000, 0x0000000703700000|  0%| F|  |TAMS 0x0000000703600000, 0x0000000703600000| Untracked 
|  43|0x0000000703700000, 0x0000000703700000, 0x0000000703800000|  0%| F|  |TAMS 0x0000000703700000, 0x0000000703700000| Untracked 
|  44|0x0000000703800000, 0x0000000703800000, 0x0000000703900000|  0%| F|  |TAMS 0x0000000703800000, 0x0000000703800000| Untracked 
|  45|0x0000000703900000, 0x0000000703900000, 0x0000000703a00000|  0%| F|  |TAMS 0x0000000703900000, 0x0000000703900000| Untracked 
|  46|0x0000000703a00000, 0x0000000703a00000, 0x0000000703b00000|  0%| F|  |TAMS 0x0000000703a00000, 0x0000000703a00000| Untracked 
|  47|0x0000000703b00000, 0x0000000703b00000, 0x0000000703c00000|  0%| F|  |TAMS 0x0000000703b00000, 0x0000000703b00000| Untracked 
|  48|0x0000000703c00000, 0x0000000703c00000, 0x0000000703d00000|  0%| F|  |TAMS 0x0000000703c00000, 0x0000000703c00000| Untracked 
|  49|0x0000000703d00000, 0x0000000703d00000, 0x0000000703e00000|  0%| F|  |TAMS 0x0000000703d00000, 0x0000000703d00000| Untracked 
|  50|0x0000000703e00000, 0x0000000703e00000, 0x0000000703f00000|  0%| F|  |TAMS 0x0000000703e00000, 0x0000000703e00000| Untracked 
|  51|0x0000000703f00000, 0x0000000703f00000, 0x0000000704000000|  0%| F|  |TAMS 0x0000000703f00000, 0x0000000703f00000| Untracked 
|  52|0x0000000704000000, 0x0000000704000000, 0x0000000704100000|  0%| F|  |TAMS 0x0000000704000000, 0x0000000704000000| Untracked 
|  53|0x0000000704100000, 0x0000000704100000, 0x0000000704200000|  0%| F|  |TAMS 0x0000000704100000, 0x0000000704100000| Untracked 
|  54|0x0000000704200000, 0x0000000704200000, 0x0000000704300000|  0%| F|  |TAMS 0x0000000704200000, 0x0000000704200000| Untracked 
|  55|0x0000000704300000, 0x0000000704300000, 0x0000000704400000|  0%| F|  |TAMS 0x0000000704300000, 0x0000000704300000| Untracked 
|  56|0x0000000704400000, 0x0000000704400000, 0x0000000704500000|  0%| F|  |TAMS 0x0000000704400000, 0x0000000704400000| Untracked 
|  57|0x0000000704500000, 0x0000000704500000, 0x0000000704600000|  0%| F|  |TAMS 0x0000000704500000, 0x0000000704500000| Untracked 
|  58|0x0000000704600000, 0x0000000704600000, 0x0000000704700000|  0%| F|  |TAMS 0x0000000704600000, 0x0000000704600000| Untracked 
|  59|0x0000000704700000, 0x0000000704700000, 0x0000000704800000|  0%| F|  |TAMS 0x0000000704700000, 0x0000000704700000| Untracked 
|  60|0x0000000704800000, 0x0000000704800000, 0x0000000704900000|  0%| F|  |TAMS 0x0000000704800000, 0x0000000704800000| Untracked 
|  61|0x0000000704900000, 0x0000000704900000, 0x0000000704a00000|  0%| F|  |TAMS 0x0000000704900000, 0x0000000704900000| Untracked 
|  62|0x0000000704a00000, 0x0000000704a00000, 0x0000000704b00000|  0%| F|  |TAMS 0x0000000704a00000, 0x0000000704a00000| Untracked 
|  63|0x0000000704b00000, 0x0000000704b00000, 0x0000000704c00000|  0%| F|  |TAMS 0x0000000704b00000, 0x0000000704b00000| Untracked 
|  64|0x0000000704c00000, 0x0000000704c00000, 0x0000000704d00000|  0%| F|  |TAMS 0x0000000704c00000, 0x0000000704c00000| Untracked 
|  65|0x0000000704d00000, 0x0000000704d00000, 0x0000000704e00000|  0%| F|  |TAMS 0x0000000704d00000, 0x0000000704d00000| Untracked 
|  66|0x0000000704e00000, 0x0000000704e00000, 0x0000000704f00000|  0%| F|  |TAMS 0x0000000704e00000, 0x0000000704e00000| Untracked 
|  67|0x0000000704f00000, 0x0000000704f00000, 0x0000000705000000|  0%| F|  |TAMS 0x0000000704f00000, 0x0000000704f00000| Untracked 
|  68|0x0000000705000000, 0x0000000705000000, 0x0000000705100000|  0%| F|  |TAMS 0x0000000705000000, 0x0000000705000000| Untracked 
|  69|0x0000000705100000, 0x0000000705100000, 0x0000000705200000|  0%| F|  |TAMS 0x0000000705100000, 0x0000000705100000| Untracked 
|  70|0x0000000705200000, 0x0000000705200000, 0x0000000705300000|  0%| F|  |TAMS 0x0000000705200000, 0x0000000705200000| Untracked 
|  71|0x0000000705300000, 0x0000000705300000, 0x0000000705400000|  0%| F|  |TAMS 0x0000000705300000, 0x0000000705300000| Untracked 
|  72|0x0000000705400000, 0x0000000705400000, 0x0000000705500000|  0%| F|  |TAMS 0x0000000705400000, 0x0000000705400000| Untracked 
|  73|0x0000000705500000, 0x0000000705500000, 0x0000000705600000|  0%| F|  |TAMS 0x0000000705500000, 0x0000000705500000| Untracked 
|  74|0x0000000705600000, 0x0000000705600000, 0x0000000705700000|  0%| F|  |TAMS 0x0000000705600000, 0x0000000705600000| Untracked 
|  75|0x0000000705700000, 0x0000000705700000, 0x0000000705800000|  0%| F|  |TAMS 0x0000000705700000, 0x0000000705700000| Untracked 
|  76|0x0000000705800000, 0x0000000705800000, 0x0000000705900000|  0%| F|  |TAMS 0x0000000705800000, 0x0000000705800000| Untracked 
|  77|0x0000000705900000, 0x0000000705900000, 0x0000000705a00000|  0%| F|  |TAMS 0x0000000705900000, 0x0000000705900000| Untracked 
|  78|0x0000000705a00000, 0x0000000705a00000, 0x0000000705b00000|  0%| F|  |TAMS 0x0000000705a00000, 0x0000000705a00000| Untracked 
|  79|0x0000000705b00000, 0x0000000705b00000, 0x0000000705c00000|  0%| F|  |TAMS 0x0000000705b00000, 0x0000000705b00000| Untracked 
|  80|0x0000000705c00000, 0x0000000705c00000, 0x0000000705d00000|  0%| F|  |TAMS 0x0000000705c00000, 0x0000000705c00000| Untracked 
|  81|0x0000000705d00000, 0x0000000705d00000, 0x0000000705e00000|  0%| F|  |TAMS 0x0000000705d00000, 0x0000000705d00000| Untracked 
|  82|0x0000000705e00000, 0x0000000705e00000, 0x0000000705f00000|  0%| F|  |TAMS 0x0000000705e00000, 0x0000000705e00000| Untracked 
|  83|0x0000000705f00000, 0x0000000705f00000, 0x0000000706000000|  0%| F|  |TAMS 0x0000000705f00000, 0x0000000705f00000| Untracked 
|  84|0x0000000706000000, 0x0000000706000000, 0x0000000706100000|  0%| F|  |TAMS 0x0000000706000000, 0x0000000706000000| Untracked 
|  85|0x0000000706100000, 0x0000000706100000, 0x0000000706200000|  0%| F|  |TAMS 0x0000000706100000, 0x0000000706100000| Untracked 
|  86|0x0000000706200000, 0x0000000706200000, 0x0000000706300000|  0%| F|  |TAMS 0x0000000706200000, 0x0000000706200000| Untracked 
|  87|0x0000000706300000, 0x0000000706300000, 0x0000000706400000|  0%| F|  |TAMS 0x0000000706300000, 0x0000000706300000| Untracked 
|  88|0x0000000706400000, 0x0000000706400000, 0x0000000706500000|  0%| F|  |TAMS 0x0000000706400000, 0x0000000706400000| Untracked 
|  89|0x0000000706500000, 0x0000000706500000, 0x0000000706600000|  0%| F|  |TAMS 0x0000000706500000, 0x0000000706500000| Untracked 
|  90|0x0000000706600000, 0x0000000706690860, 0x0000000706700000| 56%| S|CS|TAMS 0x0000000706600000, 0x0000000706600000| Complete 
|  91|0x0000000706700000, 0x0000000706800000, 0x0000000706800000|100%| S|CS|TAMS 0x0000000706700000, 0x0000000706700000| Complete 
|  92|0x0000000706800000, 0x0000000706900000, 0x0000000706900000|100%| S|CS|TAMS 0x0000000706800000, 0x0000000706800000| Complete 
|  93|0x0000000706900000, 0x0000000706a00000, 0x0000000706a00000|100%| S|CS|TAMS 0x0000000706900000, 0x0000000706900000| Complete 
|  94|0x0000000706a00000, 0x0000000706b00000, 0x0000000706b00000|100%| S|CS|TAMS 0x0000000706a00000, 0x0000000706a00000| Complete 
|  95|0x0000000706b00000, 0x0000000706c00000, 0x0000000706c00000|100%| S|CS|TAMS 0x0000000706b00000, 0x0000000706b00000| Complete 
|  96|0x0000000706c00000, 0x0000000706d00000, 0x0000000706d00000|100%| S|CS|TAMS 0x0000000706c00000, 0x0000000706c00000| Complete 
|  97|0x0000000706d00000, 0x0000000706e00000, 0x0000000706e00000|100%| S|CS|TAMS 0x0000000706d00000, 0x0000000706d00000| Complete 
|  98|0x0000000706e00000, 0x0000000706f00000, 0x0000000706f00000|100%| S|CS|TAMS 0x0000000706e00000, 0x0000000706e00000| Complete 
|  99|0x0000000706f00000, 0x0000000707000000, 0x0000000707000000|100%| S|CS|TAMS 0x0000000706f00000, 0x0000000706f00000| Complete 
| 100|0x0000000707000000, 0x0000000707100000, 0x0000000707100000|100%| S|CS|TAMS 0x0000000707000000, 0x0000000707000000| Complete 
| 101|0x0000000707100000, 0x0000000707200000, 0x0000000707200000|100%| S|CS|TAMS 0x0000000707100000, 0x0000000707100000| Complete 
| 102|0x0000000707200000, 0x0000000707300000, 0x0000000707300000|100%| S|CS|TAMS 0x0000000707200000, 0x0000000707200000| Complete 
| 103|0x0000000707300000, 0x0000000707300000, 0x0000000707400000|  0%| F|  |TAMS 0x0000000707300000, 0x0000000707300000| Untracked 
| 104|0x0000000707400000, 0x0000000707400000, 0x0000000707500000|  0%| F|  |TAMS 0x0000000707400000, 0x0000000707400000| Untracked 
| 105|0x0000000707500000, 0x0000000707500000, 0x0000000707600000|  0%| F|  |TAMS 0x0000000707500000, 0x0000000707500000| Untracked 
| 106|0x0000000707600000, 0x0000000707600000, 0x0000000707700000|  0%| F|  |TAMS 0x0000000707600000, 0x0000000707600000| Untracked 
| 107|0x0000000707700000, 0x0000000707700000, 0x0000000707800000|  0%| F|  |TAMS 0x0000000707700000, 0x0000000707700000| Untracked 
| 108|0x0000000707800000, 0x0000000707800000, 0x0000000707900000|  0%| F|  |TAMS 0x0000000707800000, 0x0000000707800000| Untracked 
| 109|0x0000000707900000, 0x0000000707900000, 0x0000000707a00000|  0%| F|  |TAMS 0x0000000707900000, 0x0000000707900000| Untracked 
| 110|0x0000000707a00000, 0x0000000707a00000, 0x0000000707b00000|  0%| F|  |TAMS 0x0000000707a00000, 0x0000000707a00000| Untracked 
| 111|0x0000000707b00000, 0x0000000707b00000, 0x0000000707c00000|  0%| F|  |TAMS 0x0000000707b00000, 0x0000000707b00000| Untracked 
| 112|0x0000000707c00000, 0x0000000707c00000, 0x0000000707d00000|  0%| F|  |TAMS 0x0000000707c00000, 0x0000000707c00000| Untracked 
| 113|0x0000000707d00000, 0x0000000707d00000, 0x0000000707e00000|  0%| F|  |TAMS 0x0000000707d00000, 0x0000000707d00000| Untracked 
| 114|0x0000000707e00000, 0x0000000707e00000, 0x0000000707f00000|  0%| F|  |TAMS 0x0000000707e00000, 0x0000000707e00000| Untracked 
| 115|0x0000000707f00000, 0x0000000707f00000, 0x0000000708000000|  0%| F|  |TAMS 0x0000000707f00000, 0x0000000707f00000| Untracked 
| 116|0x0000000708000000, 0x0000000708000000, 0x0000000708100000|  0%| F|  |TAMS 0x0000000708000000, 0x0000000708000000| Untracked 
| 117|0x0000000708100000, 0x0000000708100000, 0x0000000708200000|  0%| F|  |TAMS 0x0000000708100000, 0x0000000708100000| Untracked 
| 118|0x0000000708200000, 0x0000000708200000, 0x0000000708300000|  0%| F|  |TAMS 0x0000000708200000, 0x0000000708200000| Untracked 
| 119|0x0000000708300000, 0x0000000708300000, 0x0000000708400000|  0%| F|  |TAMS 0x0000000708300000, 0x0000000708300000| Untracked 
| 120|0x0000000708400000, 0x0000000708400000, 0x0000000708500000|  0%| F|  |TAMS 0x0000000708400000, 0x0000000708400000| Untracked 
| 121|0x0000000708500000, 0x0000000708500000, 0x0000000708600000|  0%| F|  |TAMS 0x0000000708500000, 0x0000000708500000| Untracked 
| 122|0x0000000708600000, 0x0000000708600000, 0x0000000708700000|  0%| F|  |TAMS 0x0000000708600000, 0x0000000708600000| Untracked 
| 123|0x0000000708700000, 0x0000000708700000, 0x0000000708800000|  0%| F|  |TAMS 0x0000000708700000, 0x0000000708700000| Untracked 
| 124|0x0000000708800000, 0x0000000708800000, 0x0000000708900000|  0%| F|  |TAMS 0x0000000708800000, 0x0000000708800000| Untracked 
| 125|0x0000000708900000, 0x0000000708900000, 0x0000000708a00000|  0%| F|  |TAMS 0x0000000708900000, 0x0000000708900000| Untracked 
| 126|0x0000000708a00000, 0x0000000708a00000, 0x0000000708b00000|  0%| F|  |TAMS 0x0000000708a00000, 0x0000000708a00000| Untracked 
| 127|0x0000000708b00000, 0x0000000708b00000, 0x0000000708c00000|  0%| F|  |TAMS 0x0000000708b00000, 0x0000000708b00000| Untracked 
| 128|0x0000000708c00000, 0x0000000708c00000, 0x0000000708d00000|  0%| F|  |TAMS 0x0000000708c00000, 0x0000000708c00000| Untracked 
| 129|0x0000000708d00000, 0x0000000708d00000, 0x0000000708e00000|  0%| F|  |TAMS 0x0000000708d00000, 0x0000000708d00000| Untracked 
| 130|0x0000000708e00000, 0x0000000708e00000, 0x0000000708f00000|  0%| F|  |TAMS 0x0000000708e00000, 0x0000000708e00000| Untracked 
| 131|0x0000000708f00000, 0x0000000708f00000, 0x0000000709000000|  0%| F|  |TAMS 0x0000000708f00000, 0x0000000708f00000| Untracked 
| 132|0x0000000709000000, 0x0000000709000000, 0x0000000709100000|  0%| F|  |TAMS 0x0000000709000000, 0x0000000709000000| Untracked 
| 133|0x0000000709100000, 0x0000000709100000, 0x0000000709200000|  0%| F|  |TAMS 0x0000000709100000, 0x0000000709100000| Untracked 
| 134|0x0000000709200000, 0x0000000709200000, 0x0000000709300000|  0%| F|  |TAMS 0x0000000709200000, 0x0000000709200000| Untracked 
| 135|0x0000000709300000, 0x0000000709300000, 0x0000000709400000|  0%| F|  |TAMS 0x0000000709300000, 0x0000000709300000| Untracked 
| 136|0x0000000709400000, 0x0000000709400000, 0x0000000709500000|  0%| F|  |TAMS 0x0000000709400000, 0x0000000709400000| Untracked 
| 137|0x0000000709500000, 0x0000000709500000, 0x0000000709600000|  0%| F|  |TAMS 0x0000000709500000, 0x0000000709500000| Untracked 
| 138|0x0000000709600000, 0x0000000709600000, 0x0000000709700000|  0%| F|  |TAMS 0x0000000709600000, 0x0000000709600000| Untracked 
| 139|0x0000000709700000, 0x0000000709700000, 0x0000000709800000|  0%| F|  |TAMS 0x0000000709700000, 0x0000000709700000| Untracked 
| 140|0x0000000709800000, 0x0000000709800000, 0x0000000709900000|  0%| F|  |TAMS 0x0000000709800000, 0x0000000709800000| Untracked 
| 141|0x0000000709900000, 0x0000000709900000, 0x0000000709a00000|  0%| F|  |TAMS 0x0000000709900000, 0x0000000709900000| Untracked 
| 142|0x0000000709a00000, 0x0000000709a00000, 0x0000000709b00000|  0%| F|  |TAMS 0x0000000709a00000, 0x0000000709a00000| Untracked 
| 143|0x0000000709b00000, 0x0000000709b00000, 0x0000000709c00000|  0%| F|  |TAMS 0x0000000709b00000, 0x0000000709b00000| Untracked 
| 144|0x0000000709c00000, 0x0000000709c00000, 0x0000000709d00000|  0%| F|  |TAMS 0x0000000709c00000, 0x0000000709c00000| Untracked 
| 145|0x0000000709d00000, 0x0000000709d00000, 0x0000000709e00000|  0%| F|  |TAMS 0x0000000709d00000, 0x0000000709d00000| Untracked 
| 146|0x0000000709e00000, 0x0000000709e00000, 0x0000000709f00000|  0%| F|  |TAMS 0x0000000709e00000, 0x0000000709e00000| Untracked 
| 147|0x0000000709f00000, 0x0000000709f00000, 0x000000070a000000|  0%| F|  |TAMS 0x0000000709f00000, 0x0000000709f00000| Untracked 
| 148|0x000000070a000000, 0x000000070a000000, 0x000000070a100000|  0%| F|  |TAMS 0x000000070a000000, 0x000000070a000000| Untracked 
| 149|0x000000070a100000, 0x000000070a100000, 0x000000070a200000|  0%| F|  |TAMS 0x000000070a100000, 0x000000070a100000| Untracked 
| 150|0x000000070a200000, 0x000000070a200000, 0x000000070a300000|  0%| F|  |TAMS 0x000000070a200000, 0x000000070a200000| Untracked 
| 151|0x000000070a300000, 0x000000070a300000, 0x000000070a400000|  0%| F|  |TAMS 0x000000070a300000, 0x000000070a300000| Untracked 
| 152|0x000000070a400000, 0x000000070a400000, 0x000000070a500000|  0%| F|  |TAMS 0x000000070a400000, 0x000000070a400000| Untracked 
| 153|0x000000070a500000, 0x000000070a500000, 0x000000070a600000|  0%| F|  |TAMS 0x000000070a500000, 0x000000070a500000| Untracked 
| 154|0x000000070a600000, 0x000000070a600000, 0x000000070a700000|  0%| F|  |TAMS 0x000000070a600000, 0x000000070a600000| Untracked 
| 155|0x000000070a700000, 0x000000070a700000, 0x000000070a800000|  0%| F|  |TAMS 0x000000070a700000, 0x000000070a700000| Untracked 
| 156|0x000000070a800000, 0x000000070a800000, 0x000000070a900000|  0%| F|  |TAMS 0x000000070a800000, 0x000000070a800000| Untracked 
| 157|0x000000070a900000, 0x000000070a900000, 0x000000070aa00000|  0%| F|  |TAMS 0x000000070a900000, 0x000000070a900000| Untracked 
| 158|0x000000070aa00000, 0x000000070aa00000, 0x000000070ab00000|  0%| F|  |TAMS 0x000000070aa00000, 0x000000070aa00000| Untracked 
| 159|0x000000070ab00000, 0x000000070ab00000, 0x000000070ac00000|  0%| F|  |TAMS 0x000000070ab00000, 0x000000070ab00000| Untracked 
| 160|0x000000070ac00000, 0x000000070ac00000, 0x000000070ad00000|  0%| F|  |TAMS 0x000000070ac00000, 0x000000070ac00000| Untracked 
| 161|0x000000070ad00000, 0x000000070ad00000, 0x000000070ae00000|  0%| F|  |TAMS 0x000000070ad00000, 0x000000070ad00000| Untracked 
| 162|0x000000070ae00000, 0x000000070ae00000, 0x000000070af00000|  0%| F|  |TAMS 0x000000070ae00000, 0x000000070ae00000| Untracked 
| 163|0x000000070af00000, 0x000000070af00000, 0x000000070b000000|  0%| F|  |TAMS 0x000000070af00000, 0x000000070af00000| Untracked 
| 164|0x000000070b000000, 0x000000070b000000, 0x000000070b100000|  0%| F|  |TAMS 0x000000070b000000, 0x000000070b000000| Untracked 
| 165|0x000000070b100000, 0x000000070b100000, 0x000000070b200000|  0%| F|  |TAMS 0x000000070b100000, 0x000000070b100000| Untracked 
| 166|0x000000070b200000, 0x000000070b200000, 0x000000070b300000|  0%| F|  |TAMS 0x000000070b200000, 0x000000070b200000| Untracked 
| 167|0x000000070b300000, 0x000000070b300000, 0x000000070b400000|  0%| F|  |TAMS 0x000000070b300000, 0x000000070b300000| Untracked 
| 168|0x000000070b400000, 0x000000070b400000, 0x000000070b500000|  0%| F|  |TAMS 0x000000070b400000, 0x000000070b400000| Untracked 
| 169|0x000000070b500000, 0x000000070b500000, 0x000000070b600000|  0%| F|  |TAMS 0x000000070b500000, 0x000000070b500000| Untracked 
| 170|0x000000070b600000, 0x000000070b600000, 0x000000070b700000|  0%| F|  |TAMS 0x000000070b600000, 0x000000070b600000| Untracked 
| 171|0x000000070b700000, 0x000000070b700000, 0x000000070b800000|  0%| F|  |TAMS 0x000000070b700000, 0x000000070b700000| Untracked 
| 172|0x000000070b800000, 0x000000070b800000, 0x000000070b900000|  0%| F|  |TAMS 0x000000070b800000, 0x000000070b800000| Untracked 
| 173|0x000000070b900000, 0x000000070b900000, 0x000000070ba00000|  0%| F|  |TAMS 0x000000070b900000, 0x000000070b900000| Untracked 
| 174|0x000000070ba00000, 0x000000070ba00000, 0x000000070bb00000|  0%| F|  |TAMS 0x000000070ba00000, 0x000000070ba00000| Untracked 
| 175|0x000000070bb00000, 0x000000070bb00000, 0x000000070bc00000|  0%| F|  |TAMS 0x000000070bb00000, 0x000000070bb00000| Untracked 
| 176|0x000000070bc00000, 0x000000070bc00000, 0x000000070bd00000|  0%| F|  |TAMS 0x000000070bc00000, 0x000000070bc00000| Untracked 
| 177|0x000000070bd00000, 0x000000070bd00000, 0x000000070be00000|  0%| F|  |TAMS 0x000000070bd00000, 0x000000070bd00000| Untracked 
| 178|0x000000070be00000, 0x000000070be00000, 0x000000070bf00000|  0%| F|  |TAMS 0x000000070be00000, 0x000000070be00000| Untracked 
| 179|0x000000070bf00000, 0x000000070bf00000, 0x000000070c000000|  0%| F|  |TAMS 0x000000070bf00000, 0x000000070bf00000| Untracked 
| 180|0x000000070c000000, 0x000000070c000000, 0x000000070c100000|  0%| F|  |TAMS 0x000000070c000000, 0x000000070c000000| Untracked 
| 181|0x000000070c100000, 0x000000070c100000, 0x000000070c200000|  0%| F|  |TAMS 0x000000070c100000, 0x000000070c100000| Untracked 
| 182|0x000000070c200000, 0x000000070c200000, 0x000000070c300000|  0%| F|  |TAMS 0x000000070c200000, 0x000000070c200000| Untracked 
| 183|0x000000070c300000, 0x000000070c300000, 0x000000070c400000|  0%| F|  |TAMS 0x000000070c300000, 0x000000070c300000| Untracked 
| 184|0x000000070c400000, 0x000000070c400000, 0x000000070c500000|  0%| F|  |TAMS 0x000000070c400000, 0x000000070c400000| Untracked 
| 185|0x000000070c500000, 0x000000070c500000, 0x000000070c600000|  0%| F|  |TAMS 0x000000070c500000, 0x000000070c500000| Untracked 
| 186|0x000000070c600000, 0x000000070c600000, 0x000000070c700000|  0%| F|  |TAMS 0x000000070c600000, 0x000000070c600000| Untracked 
| 187|0x000000070c700000, 0x000000070c700000, 0x000000070c800000|  0%| F|  |TAMS 0x000000070c700000, 0x000000070c700000| Untracked 
| 188|0x000000070c800000, 0x000000070c800000, 0x000000070c900000|  0%| F|  |TAMS 0x000000070c800000, 0x000000070c800000| Untracked 
| 189|0x000000070c900000, 0x000000070c900000, 0x000000070ca00000|  0%| F|  |TAMS 0x000000070c900000, 0x000000070c900000| Untracked 
| 190|0x000000070ca00000, 0x000000070ca00000, 0x000000070cb00000|  0%| F|  |TAMS 0x000000070ca00000, 0x000000070ca00000| Untracked 
| 191|0x000000070cb00000, 0x000000070cb00000, 0x000000070cc00000|  0%| F|  |TAMS 0x000000070cb00000, 0x000000070cb00000| Untracked 
| 192|0x000000070cc00000, 0x000000070cc00000, 0x000000070cd00000|  0%| F|  |TAMS 0x000000070cc00000, 0x000000070cc00000| Untracked 
| 193|0x000000070cd00000, 0x000000070cd00000, 0x000000070ce00000|  0%| F|  |TAMS 0x000000070cd00000, 0x000000070cd00000| Untracked 
| 194|0x000000070ce00000, 0x000000070ce00000, 0x000000070cf00000|  0%| F|  |TAMS 0x000000070ce00000, 0x000000070ce00000| Untracked 
| 195|0x000000070cf00000, 0x000000070cf00000, 0x000000070d000000|  0%| F|  |TAMS 0x000000070cf00000, 0x000000070cf00000| Untracked 
| 196|0x000000070d000000, 0x000000070d000000, 0x000000070d100000|  0%| F|  |TAMS 0x000000070d000000, 0x000000070d000000| Untracked 
| 197|0x000000070d100000, 0x000000070d100000, 0x000000070d200000|  0%| F|  |TAMS 0x000000070d100000, 0x000000070d100000| Untracked 
| 198|0x000000070d200000, 0x000000070d200000, 0x000000070d300000|  0%| F|  |TAMS 0x000000070d200000, 0x000000070d200000| Untracked 
| 199|0x000000070d300000, 0x000000070d300000, 0x000000070d400000|  0%| F|  |TAMS 0x000000070d300000, 0x000000070d300000| Untracked 
| 200|0x000000070d400000, 0x000000070d400000, 0x000000070d500000|  0%| F|  |TAMS 0x000000070d400000, 0x000000070d400000| Untracked 
| 201|0x000000070d500000, 0x000000070d500000, 0x000000070d600000|  0%| F|  |TAMS 0x000000070d500000, 0x000000070d500000| Untracked 
| 202|0x000000070d600000, 0x000000070d600000, 0x000000070d700000|  0%| F|  |TAMS 0x000000070d600000, 0x000000070d600000| Untracked 
| 203|0x000000070d700000, 0x000000070d700000, 0x000000070d800000|  0%| F|  |TAMS 0x000000070d700000, 0x000000070d700000| Untracked 
| 204|0x000000070d800000, 0x000000070d800000, 0x000000070d900000|  0%| F|  |TAMS 0x000000070d800000, 0x000000070d800000| Untracked 
| 205|0x000000070d900000, 0x000000070d900000, 0x000000070da00000|  0%| F|  |TAMS 0x000000070d900000, 0x000000070d900000| Untracked 
| 206|0x000000070da00000, 0x000000070da00000, 0x000000070db00000|  0%| F|  |TAMS 0x000000070da00000, 0x000000070da00000| Untracked 
| 207|0x000000070db00000, 0x000000070db00000, 0x000000070dc00000|  0%| F|  |TAMS 0x000000070db00000, 0x000000070db00000| Untracked 
| 208|0x000000070dc00000, 0x000000070dc00000, 0x000000070dd00000|  0%| F|  |TAMS 0x000000070dc00000, 0x000000070dc00000| Untracked 
| 209|0x000000070dd00000, 0x000000070dd00000, 0x000000070de00000|  0%| F|  |TAMS 0x000000070dd00000, 0x000000070dd00000| Untracked 
| 210|0x000000070de00000, 0x000000070de00000, 0x000000070df00000|  0%| F|  |TAMS 0x000000070de00000, 0x000000070de00000| Untracked 
| 211|0x000000070df00000, 0x000000070df00000, 0x000000070e000000|  0%| F|  |TAMS 0x000000070df00000, 0x000000070df00000| Untracked 
| 212|0x000000070e000000, 0x000000070e000000, 0x000000070e100000|  0%| F|  |TAMS 0x000000070e000000, 0x000000070e000000| Untracked 
| 213|0x000000070e100000, 0x000000070e100000, 0x000000070e200000|  0%| F|  |TAMS 0x000000070e100000, 0x000000070e100000| Untracked 
| 214|0x000000070e200000, 0x000000070e200000, 0x000000070e300000|  0%| F|  |TAMS 0x000000070e200000, 0x000000070e200000| Untracked 
| 215|0x000000070e300000, 0x000000070e300000, 0x000000070e400000|  0%| F|  |TAMS 0x000000070e300000, 0x000000070e300000| Untracked 
| 216|0x000000070e400000, 0x000000070e400000, 0x000000070e500000|  0%| F|  |TAMS 0x000000070e400000, 0x000000070e400000| Untracked 
| 217|0x000000070e500000, 0x000000070e500000, 0x000000070e600000|  0%| F|  |TAMS 0x000000070e500000, 0x000000070e500000| Untracked 
| 218|0x000000070e600000, 0x000000070e600000, 0x000000070e700000|  0%| F|  |TAMS 0x000000070e600000, 0x000000070e600000| Untracked 
| 219|0x000000070e700000, 0x000000070e700000, 0x000000070e800000|  0%| F|  |TAMS 0x000000070e700000, 0x000000070e700000| Untracked 
| 220|0x000000070e800000, 0x000000070e800000, 0x000000070e900000|  0%| F|  |TAMS 0x000000070e800000, 0x000000070e800000| Untracked 
| 221|0x000000070e900000, 0x000000070e900000, 0x000000070ea00000|  0%| F|  |TAMS 0x000000070e900000, 0x000000070e900000| Untracked 
| 222|0x000000070ea00000, 0x000000070ea00000, 0x000000070eb00000|  0%| F|  |TAMS 0x000000070ea00000, 0x000000070ea00000| Untracked 
| 223|0x000000070eb00000, 0x000000070eb00000, 0x000000070ec00000|  0%| F|  |TAMS 0x000000070eb00000, 0x000000070eb00000| Untracked 
| 224|0x000000070ec00000, 0x000000070ec00000, 0x000000070ed00000|  0%| F|  |TAMS 0x000000070ec00000, 0x000000070ec00000| Untracked 
| 225|0x000000070ed00000, 0x000000070ed00000, 0x000000070ee00000|  0%| F|  |TAMS 0x000000070ed00000, 0x000000070ed00000| Untracked 
| 226|0x000000070ee00000, 0x000000070ee00000, 0x000000070ef00000|  0%| F|  |TAMS 0x000000070ee00000, 0x000000070ee00000| Untracked 
| 227|0x000000070ef00000, 0x000000070ef00000, 0x000000070f000000|  0%| F|  |TAMS 0x000000070ef00000, 0x000000070ef00000| Untracked 
| 228|0x000000070f000000, 0x000000070f000000, 0x000000070f100000|  0%| F|  |TAMS 0x000000070f000000, 0x000000070f000000| Untracked 
| 229|0x000000070f100000, 0x000000070f100000, 0x000000070f200000|  0%| F|  |TAMS 0x000000070f100000, 0x000000070f100000| Untracked 
| 230|0x000000070f200000, 0x000000070f200000, 0x000000070f300000|  0%| F|  |TAMS 0x000000070f200000, 0x000000070f200000| Untracked 
| 231|0x000000070f300000, 0x000000070f300000, 0x000000070f400000|  0%| F|  |TAMS 0x000000070f300000, 0x000000070f300000| Untracked 
| 232|0x000000070f400000, 0x000000070f400000, 0x000000070f500000|  0%| F|  |TAMS 0x000000070f400000, 0x000000070f400000| Untracked 
| 233|0x000000070f500000, 0x000000070f500000, 0x000000070f600000|  0%| F|  |TAMS 0x000000070f500000, 0x000000070f500000| Untracked 
| 234|0x000000070f600000, 0x000000070f600000, 0x000000070f700000|  0%| F|  |TAMS 0x000000070f600000, 0x000000070f600000| Untracked 
| 235|0x000000070f700000, 0x000000070f700000, 0x000000070f800000|  0%| F|  |TAMS 0x000000070f700000, 0x000000070f700000| Untracked 
| 236|0x000000070f800000, 0x000000070f800000, 0x000000070f900000|  0%| F|  |TAMS 0x000000070f800000, 0x000000070f800000| Untracked 
| 237|0x000000070f900000, 0x000000070f900000, 0x000000070fa00000|  0%| F|  |TAMS 0x000000070f900000, 0x000000070f900000| Untracked 
| 238|0x000000070fa00000, 0x000000070fa00000, 0x000000070fb00000|  0%| F|  |TAMS 0x000000070fa00000, 0x000000070fa00000| Untracked 
| 239|0x000000070fb00000, 0x000000070fb00000, 0x000000070fc00000|  0%| F|  |TAMS 0x000000070fb00000, 0x000000070fb00000| Untracked 
| 240|0x000000070fc00000, 0x000000070fc00000, 0x000000070fd00000|  0%| F|  |TAMS 0x000000070fc00000, 0x000000070fc00000| Untracked 
| 241|0x000000070fd00000, 0x000000070fd00000, 0x000000070fe00000|  0%| F|  |TAMS 0x000000070fd00000, 0x000000070fd00000| Untracked 
| 242|0x000000070fe00000, 0x000000070fe00000, 0x000000070ff00000|  0%| F|  |TAMS 0x000000070fe00000, 0x000000070fe00000| Untracked 
| 243|0x000000070ff00000, 0x000000070ff00000, 0x0000000710000000|  0%| F|  |TAMS 0x000000070ff00000, 0x000000070ff00000| Untracked 
| 244|0x0000000710000000, 0x0000000710000000, 0x0000000710100000|  0%| F|  |TAMS 0x0000000710000000, 0x0000000710000000| Untracked 
| 245|0x0000000710100000, 0x0000000710100000, 0x0000000710200000|  0%| F|  |TAMS 0x0000000710100000, 0x0000000710100000| Untracked 
| 246|0x0000000710200000, 0x0000000710200000, 0x0000000710300000|  0%| F|  |TAMS 0x0000000710200000, 0x0000000710200000| Untracked 
| 247|0x0000000710300000, 0x0000000710300000, 0x0000000710400000|  0%| F|  |TAMS 0x0000000710300000, 0x0000000710300000| Untracked 
| 248|0x0000000710400000, 0x0000000710400000, 0x0000000710500000|  0%| F|  |TAMS 0x0000000710400000, 0x0000000710400000| Untracked 
| 249|0x0000000710500000, 0x0000000710500000, 0x0000000710600000|  0%| F|  |TAMS 0x0000000710500000, 0x0000000710500000| Untracked 
| 250|0x0000000710600000, 0x0000000710600000, 0x0000000710700000|  0%| F|  |TAMS 0x0000000710600000, 0x0000000710600000| Untracked 
| 251|0x0000000710700000, 0x0000000710700000, 0x0000000710800000|  0%| F|  |TAMS 0x0000000710700000, 0x0000000710700000| Untracked 
| 252|0x0000000710800000, 0x0000000710800000, 0x0000000710900000|  0%| F|  |TAMS 0x0000000710800000, 0x0000000710800000| Untracked 
| 253|0x0000000710900000, 0x0000000710900000, 0x0000000710a00000|  0%| F|  |TAMS 0x0000000710900000, 0x0000000710900000| Untracked 
| 254|0x0000000710a00000, 0x0000000710a00000, 0x0000000710b00000|  0%| F|  |TAMS 0x0000000710a00000, 0x0000000710a00000| Untracked 
| 255|0x0000000710b00000, 0x0000000710b00000, 0x0000000710c00000|  0%| F|  |TAMS 0x0000000710b00000, 0x0000000710b00000| Untracked 

Card table byte_map: [0x000002263c1c0000,0x000002263c9c0000] _byte_map_base: 0x00000226389ba000

Marking Bits (Prev, Next): (CMBitMap*) 0x00000226221b72b8, (CMBitMap*) 0x00000226221b72f0
 Prev Bits: [0x000002263d1c0000, 0x0000022641190000)
 Next Bits: [0x0000022641190000, 0x0000022645160000)

Polling page: 0x000002262bd00000

Metaspace:

Usage:
  Non-class:     39.90 MB capacity,    39.13 MB ( 98%) used,   642.59 KB (  2%) free+waste,   144.56 KB ( <1%) overhead. 
      Class:      5.73 MB capacity,     5.27 MB ( 92%) used,   403.90 KB (  7%) free+waste,    66.50 KB (  1%) overhead. 
       Both:     45.63 MB capacity,    44.40 MB ( 97%) used,     1.02 MB (  2%) free+waste,   211.06 KB ( <1%) overhead. 

Virtual space:
  Non-class space:       40.00 MB reserved,      40.00 MB (100%) committed 
      Class space:        1.00 GB reserved,       5.75 MB ( <1%) committed 
             Both:        1.04 GB reserved,      45.75 MB (  4%) committed 

Chunk freelists:
   Non-Class:  4.50 KB
       Class:  3.00 KB
        Both:  7.50 KB

CodeHeap 'non-profiled nmethods': size=120000Kb used=2332Kb max_used=2338Kb free=117667Kb
 bounds [0x00000226337f0000, 0x0000022633a60000, 0x000002263ad20000]
CodeHeap 'profiled nmethods': size=120000Kb used=9200Kb max_used=9546Kb free=110799Kb
 bounds [0x000002262c2c0000, 0x000002262cc20000, 0x00000226337f0000]
CodeHeap 'non-nmethods': size=5760Kb used=1264Kb max_used=1306Kb free=4496Kb
 bounds [0x000002262bd20000, 0x000002262bf90000, 0x000002262c2c0000]
 total_blobs=4276 nmethods=3758 adapters=437
 compilation: enabled
              stopped_count=0, restarted_count=0
 full_count=0

Compilation events (10 events):
Event: 3.564 Thread 0x0000022648811000 nmethod 3983 0x0000022633825310 code [0x0000022633825480, 0x00000226338254d8]
Event: 3.564 Thread 0x00000226489cc800 nmethod 3981 0x0000022633867490 code [0x0000022633867640, 0x0000022633867968]
Event: 3.570 Thread 0x0000022648811000 3984       4       java.io.File::<init> (113 bytes)
Event: 3.574 Thread 0x00000226489cc800 3985       4       java.util.Collections$SetFromMap::add (22 bytes)
Event: 3.579 Thread 0x0000022648811000 nmethod 3984 0x00000226338cfb90 code [0x00000226338cfda0, 0x00000226338d0aa0]
Event: 3.582 Thread 0x0000022648811000 3986       4       jdk.internal.loader.ClassLoaders$AppClassLoader::loadClass (40 bytes)
Event: 3.583 Thread 0x0000022648811000 nmethod 3986 0x0000022633830510 code [0x00000226338306c0, 0x0000022633830858]
Event: 3.586 Thread 0x00000226489cc800 nmethod 3985 0x00000226338da990 code [0x00000226338dab60, 0x00000226338db7d8]
Event: 3.586 Thread 0x0000022648811000 3987       4       sun.net.util.URLUtil::urlNoFragString (114 bytes)
Event: 3.595 Thread 0x00000226489cc800 3988   !   4       java.util.concurrent.ConcurrentHashMap::computeIfAbsent (576 bytes)

GC Heap History (9 events):
Event: 0.552 GC heap before
{Heap before GC invocations=0 (full 0):
 garbage-first heap   total 262144K, used 24576K [0x0000000700c00000, 0x0000000800000000)
  region size 1024K, 24 young (24576K), 0 survivors (0K)
 Metaspace       used 10590K, capacity 10839K, committed 11136K, reserved 1058816K
  class space    used 996K, capacity 1064K, committed 1152K, reserved 1048576K
}
Event: 0.555 GC heap after
{Heap after GC invocations=1 (full 0):
 garbage-first heap   total 262144K, used 6104K [0x0000000700c00000, 0x0000000800000000)
  region size 1024K, 3 young (3072K), 3 survivors (3072K)
 Metaspace       used 10590K, capacity 10839K, committed 11136K, reserved 1058816K
  class space    used 996K, capacity 1064K, committed 1152K, reserved 1048576K
}
Event: 1.207 GC heap before
{Heap before GC invocations=1 (full 0):
 garbage-first heap   total 262144K, used 98264K [0x0000000700c00000, 0x0000000800000000)
  region size 1024K, 95 young (97280K), 3 survivors (3072K)
 Metaspace       used 20623K, capacity 21177K, committed 21296K, reserved 1069056K
  class space    used 2213K, capacity 2417K, committed 2432K, reserved 1048576K
}
Event: 1.212 GC heap after
{Heap after GC invocations=2 (full 0):
 garbage-first heap   total 262144K, used 8333K [0x0000000700c00000, 0x0000000800000000)
  region size 1024K, 6 young (6144K), 6 survivors (6144K)
 Metaspace       used 20623K, capacity 21177K, committed 21296K, reserved 1069056K
  class space    used 2213K, capacity 2417K, committed 2432K, reserved 1048576K
}
Event: 1.732 GC heap before
{Heap before GC invocations=3 (full 0):
 garbage-first heap   total 262144K, used 106637K [0x0000000700c00000, 0x0000000800000000)
  region size 1024K, 103 young (105472K), 6 survivors (6144K)
 Metaspace       used 26513K, capacity 27229K, committed 27392K, reserved 1073152K
  class space    used 2956K, capacity 3231K, committed 3328K, reserved 1048576K
}
Event: 1.739 GC heap after
{Heap after GC invocations=4 (full 0):
 garbage-first heap   total 262144K, used 10851K [0x0000000700c00000, 0x0000000800000000)
  region size 1024K, 8 young (8192K), 8 survivors (8192K)
 Metaspace       used 26513K, capacity 27229K, committed 27392K, reserved 1073152K
  class space    used 2956K, capacity 3231K, committed 3328K, reserved 1048576K
}
Event: 2.693 GC heap before
{Heap before GC invocations=4 (full 0):
 garbage-first heap   total 262144K, used 79459K [0x0000000700c00000, 0x0000000800000000)
  region size 1024K, 76 young (77824K), 8 survivors (8192K)
 Metaspace       used 34865K, capacity 35935K, committed 35968K, reserved 1081344K
  class space    used 4046K, capacity 4449K, committed 4480K, reserved 1048576K
}
Event: 2.703 GC heap after
{Heap after GC invocations=5 (full 0):
 garbage-first heap   total 262144K, used 14296K [0x0000000700c00000, 0x0000000800000000)
  region size 1024K, 11 young (11264K), 11 survivors (11264K)
 Metaspace       used 34865K, capacity 35935K, committed 35968K, reserved 1081344K
  class space    used 4046K, capacity 4449K, committed 4480K, reserved 1048576K
}
Event: 3.599 GC heap before
{Heap before GC invocations=6 (full 0):
 garbage-first heap   total 262144K, used 158680K [0x0000000700c00000, 0x0000000800000000)
  region size 1024K, 153 young (156672K), 11 survivors (11264K)
 Metaspace       used 45466K, capacity 46724K, committed 46848K, reserved 1089536K
  class space    used 5393K, capacity 5864K, committed 5888K, reserved 1048576K
}

Deoptimization events (10 events):
Event: 2.833 Thread 0x000002264980e000 Uncommon trap: reason=speculate_class_check action=maybe_recompile pc=0x0000022633976f18 method=java.util.zip.InflaterInputStream.read([BII)I @ 100 c2
Event: 2.833 Thread 0x000002264980e000 Uncommon trap: reason=speculate_class_check action=maybe_recompile pc=0x0000022633976f18 method=java.util.zip.InflaterInputStream.read([BII)I @ 100 c2
Event: 2.834 Thread 0x000002264980e000 Uncommon trap: reason=speculate_class_check action=maybe_recompile pc=0x0000022633976f18 method=java.util.zip.InflaterInputStream.read([BII)I @ 100 c2
Event: 2.834 Thread 0x000002264980e000 Uncommon trap: reason=speculate_class_check action=maybe_recompile pc=0x0000022633976f18 method=java.util.zip.InflaterInputStream.read([BII)I @ 100 c2
Event: 2.894 Thread 0x000002264980e000 Uncommon trap: reason=unstable_if action=reinterpret pc=0x000002263382c318 method=java.util.jar.JarFile.getVersionedEntry(Ljava/lang/String;Ljava/util/jar/JarEntry;)Ljava/util/jar/JarEntry; @ 7 c2
Event: 3.126 Thread 0x000002264980e000 Uncommon trap: reason=unstable_if action=reinterpret pc=0x00000226339c56e0 method=java.util.Properties.load0(Ljava/util/Properties$LineReader;)V @ 160 c2
Event: 3.127 Thread 0x000002264980e000 Uncommon trap: reason=unstable_if action=reinterpret pc=0x0000022633996308 method=sun.nio.cs.UTF_8$Decoder.decodeArrayLoop(Ljava/nio/ByteBuffer;Ljava/nio/CharBuffer;)Ljava/nio/charset/CoderResult; @ 121 c2
Event: 3.256 Thread 0x000002264980e000 Uncommon trap: reason=unstable_if action=reinterpret pc=0x0000022633841348 method=java.net.URI.match(CJJ)Z @ 45 c2
Event: 3.330 Thread 0x000002264980e000 Uncommon trap: reason=unstable_if action=reinterpret pc=0x000002263381b79c method=java.lang.StringUTF16.compress([CI[BII)I @ 20 c2
Event: 3.361 Thread 0x000002264980e000 Uncommon trap: reason=unstable_if action=reinterpret pc=0x00000226339f15d4 method=java.net.URLStreamHandler.parseURL(Ljava/net/URL;Ljava/lang/String;II)V @ 57 c2

Classes redefined (0 events):
No events

Internal exceptions (10 events):
Event: 2.463 Thread 0x000002264980e000 Exception <a 'java/lang/NoSuchMethodError'{0x000000070d3a9740}: java.lang.invoke.DirectMethodHandle$Holder.invokeInterface(Ljava/lang/Object;Ljava/lang/Object;I)V> (0x000000070d3a9740) thrown at [./open/src/hotspot/share/interpreter/linkResolver.cpp, line
Event: 2.468 Thread 0x000002264980e000 Exception <a 'java/lang/IncompatibleClassChangeError'{0x000000070d3f4e98}: Found class java.lang.Object, but interface was expected> (0x000000070d3f4e98) thrown at [./open/src/hotspot/share/interpreter/linkResolver.cpp, line 838]
Event: 2.469 Thread 0x000002264980e000 Exception <a 'java/lang/NoSuchMethodError'{0x000000070d3f9d38}: java.lang.invoke.DirectMethodHandle$Holder.invokeStatic(Ljava/lang/Object;ILjava/lang/Object;)V> (0x000000070d3f9d38) thrown at [./open/src/hotspot/share/interpreter/linkResolver.cpp, line 77
Event: 2.550 Thread 0x000002264980e000 Exception <a 'java/lang/NoSuchMethodError'{0x000000070cd38de0}: java.lang.invoke.DirectMethodHandle$Holder.invokeStaticInit(Ljava/lang/Object;IIII)Ljava/lang/Object;> (0x000000070cd38de0) thrown at [./open/src/hotspot/share/interpreter/linkResolver.cpp, l
Event: 2.636 Thread 0x000002264980e000 Exception <a 'java/lang/NoSuchMethodError'{0x000000070cd94e20}: java.lang.invoke.DirectMethodHandle$Holder.invokeStaticInit(Ljava/lang/Object;Ljava/lang/Object;IIII)Ljava/lang/Object;> (0x000000070cd94e20) thrown at [./open/src/hotspot/share/interpreter/l
Event: 2.829 Thread 0x000002264980e000 Implicit null exception at 0x00000226338b6907 to 0x00000226338b82da
Event: 2.893 Thread 0x000002264980e000 Exception <a 'java/io/FileNotFoundException'{0x000000070a7e9068}> (0x000000070a7e9068) thrown at [./open/src/hotspot/share/prims/jni.cpp, line 611]
Event: 2.918 Thread 0x000002264980e000 Exception <a 'java/lang/NoSuchMethodError'{0x000000070a5cd7d0}: java.lang.invoke.DirectMethodHandle$Holder.invokeInterface(Ljava/lang/Object;Ljava/lang/Object;Ljava/lang/Object;Ljava/lang/Object;)I> (0x000000070a5cd7d0) thrown at [./open/src/hotspot/share
Event: 2.956 Thread 0x000002264980e000 Exception <a 'java/io/FileNotFoundException'{0x000000070a137f40}> (0x000000070a137f40) thrown at [./open/src/hotspot/share/prims/jni.cpp, line 611]
Event: 3.344 Thread 0x000002264980e000 Exception <a 'java/lang/NoSuchMethodError'{0x0000000708a44440}: java.lang.invoke.DirectMethodHandle$Holder.invokeStaticInit(Ljava/lang/Object;Ljava/lang/Object;Ljava/lang/Object;Ljava/lang/Object;)Ljava/lang/Object;> (0x0000000708a44440) thrown at [./open

Events (10 events):
Event: 3.598 Thread 0x000002264980e000 DEOPT UNPACKING pc=0x000002262bd5d6ce sp=0x00000086e24fb248 mode 1
Event: 3.598 Thread 0x000002264980e000 DEOPT PACKING pc=0x00000226339669d4 sp=0x00000086e24fc830
Event: 3.598 Thread 0x000002264980e000 DEOPT UNPACKING pc=0x000002262bd5d6ce sp=0x00000086e24fbcc0 mode 1
Event: 3.598 loading class org/hibernate/type/descriptor/java/CalendarTypeDescriptor
Event: 3.598 loading class org/hibernate/type/descriptor/java/CalendarTypeDescriptor done
Event: 3.598 loading class org/hibernate/type/descriptor/java/CalendarTypeDescriptor$CalendarMutabilityPlan
Event: 3.598 loading class org/hibernate/type/descriptor/java/CalendarTypeDescriptor$CalendarMutabilityPlan done
Event: 3.599 loading class org/hibernate/type/descriptor/java/CalendarDateTypeDescriptor
Event: 3.599 loading class org/hibernate/type/descriptor/java/CalendarDateTypeDescriptor done
Event: 3.599 Executing VM operation: G1CollectForAllocation


Dynamic libraries:
0x00007ff6669e0000 - 0x00007ff6669ef000 	C:\Program Files\Java\jdk-11.0.8\bin\java.exe
0x00007ff84b060000 - 0x00007ff84b250000 	C:\Windows\SYSTEM32\ntdll.dll
0x00007ff8491b0000 - 0x00007ff849262000 	C:\Windows\System32\KERNEL32.DLL
0x00007ff848150000 - 0x00007ff8483f2000 	C:\Windows\System32\KERNELBASE.dll
0x00007ff848050000 - 0x00007ff84814a000 	C:\Windows\System32\ucrtbase.dll
0x00007ff834f00000 - 0x00007ff834f18000 	C:\Program Files\Java\jdk-11.0.8\bin\jli.dll
0x00007ff834ee0000 - 0x00007ff834ef5000 	C:\Program Files\Java\jdk-11.0.8\bin\VCRUNTIME140.dll
0x00007ff84aac0000 - 0x00007ff84ab63000 	C:\Windows\System32\ADVAPI32.dll
0x00007ff8497c0000 - 0x00007ff84985e000 	C:\Windows\System32\msvcrt.dll
0x00007ff84a9c0000 - 0x00007ff84aa57000 	C:\Windows\System32\sechost.dll
0x00007ff84a090000 - 0x00007ff84a1b0000 	C:\Windows\System32\RPCRT4.dll
0x00007ff84ae80000 - 0x00007ff84b013000 	C:\Windows\System32\USER32.dll
0x00007ff83d260000 - 0x00007ff83d4e5000 	C:\Windows\WinSxS\amd64_microsoft.windows.common-controls_6595b64144ccf1df_6.0.18362.116_none_e6c4ac41130f2c3a\COMCTL32.dll
0x00007ff847ff0000 - 0x00007ff848011000 	C:\Windows\System32\win32u.dll
0x00007ff84a390000 - 0x00007ff84a6c6000 	C:\Windows\System32\combase.dll
0x00007ff849180000 - 0x00007ff8491a6000 	C:\Windows\System32\GDI32.dll
0x00007ff8488b0000 - 0x00007ff848931000 	C:\Windows\System32\bcryptPrimitives.dll
0x00007ff8486f0000 - 0x00007ff848884000 	C:\Windows\System32\gdi32full.dll
0x00007ff8485a0000 - 0x00007ff84863e000 	C:\Windows\System32\msvcp_win.dll
0x00007ff841c60000 - 0x00007ff841c6a000 	C:\Windows\SYSTEM32\VERSION.dll
0x00007ff84a910000 - 0x00007ff84a93e000 	C:\Windows\System32\IMM32.DLL
0x00007ff80cd50000 - 0x00007ff80cdeb000 	C:\Program Files\Java\jdk-11.0.8\bin\msvcp140.dll
0x00007fffeaf30000 - 0x00007fffeba16000 	C:\Program Files\Java\jdk-11.0.8\bin\server\jvm.dll
0x00007ff84a1c0000 - 0x00007ff84a1c8000 	C:\Windows\System32\PSAPI.DLL
0x00007ff82b160000 - 0x00007ff82b169000 	C:\Windows\SYSTEM32\WSOCK32.dll
0x00007ff844ac0000 - 0x00007ff844ae4000 	C:\Windows\SYSTEM32\WINMM.dll
0x00007ff84a6d0000 - 0x00007ff84a73f000 	C:\Windows\System32\WS2_32.dll
0x00007ff844a80000 - 0x00007ff844aad000 	C:\Windows\SYSTEM32\WINMMBASE.dll
0x00007ff848550000 - 0x00007ff84859a000 	C:\Windows\System32\cfgmgr32.dll
0x00007ff847fd0000 - 0x00007ff847fe1000 	C:\Windows\System32\kernel.appcore.dll
0x00007ff834ed0000 - 0x00007ff834ee0000 	C:\Program Files\Java\jdk-11.0.8\bin\verify.dll
0x00007ff83e930000 - 0x00007ff83eb24000 	C:\Windows\SYSTEM32\DBGHELP.DLL
0x00007ff83e900000 - 0x00007ff83e92a000 	C:\Windows\SYSTEM32\dbgcore.DLL
0x00007ff822160000 - 0x00007ff822188000 	C:\Program Files\Java\jdk-11.0.8\bin\java.dll
0x00007ff834ec0000 - 0x00007ff834eca000 	C:\Program Files\Java\jdk-11.0.8\bin\jimage.dll
0x00007ff80a860000 - 0x00007ff80a898000 	C:\Program Files\Java\jdk-11.0.8\bin\jdwp.dll
0x00007ff829000000 - 0x00007ff82900e000 	C:\Program Files\Java\jdk-11.0.8\bin\instrument.dll
0x00007ff8259d0000 - 0x00007ff8259e6000 	C:\Program Files\Java\jdk-11.0.8\bin\zip.dll
0x00007ff849860000 - 0x00007ff849f40000 	C:\Windows\System32\SHELL32.dll
0x00007ff84a7b0000 - 0x00007ff84a859000 	C:\Windows\System32\shcore.dll
0x00007ff8489a0000 - 0x00007ff84911a000 	C:\Windows\System32\windows.storage.dll
0x00007ff847f60000 - 0x00007ff847f7f000 	C:\Windows\System32\profapi.dll
0x00007ff847f80000 - 0x00007ff847fca000 	C:\Windows\System32\powrprof.dll
0x00007ff847f30000 - 0x00007ff847f40000 	C:\Windows\System32\UMPDC.dll
0x00007ff84aa60000 - 0x00007ff84aab2000 	C:\Windows\System32\shlwapi.dll
0x00007ff848890000 - 0x00007ff8488a7000 	C:\Windows\System32\cryptsp.dll
0x00007ff823910000 - 0x00007ff82391a000 	C:\Program Files\Java\jdk-11.0.8\bin\dt_socket.dll
0x00007ff8477a0000 - 0x00007ff847807000 	C:\Windows\system32\mswsock.dll
0x00007ff825830000 - 0x00007ff825849000 	C:\Program Files\Java\jdk-11.0.8\bin\net.dll
0x00007ff83faa0000 - 0x00007ff83fb8f000 	C:\Windows\SYSTEM32\WINHTTP.dll
0x00007ff823aa0000 - 0x00007ff823ab2000 	C:\Program Files\Java\jdk-11.0.8\bin\nio.dll
0x00007ff822970000 - 0x00007ff822979000 	C:\Program Files\Java\jdk-11.0.8\bin\management.dll
0x00007ff822140000 - 0x00007ff82214b000 	C:\Program Files\Java\jdk-11.0.8\bin\management_ext.dll
0x00007ff829270000 - 0x00007ff829286000 	C:\Windows\system32\napinsp.dll
0x00007ff820ea0000 - 0x00007ff820eba000 	C:\Windows\system32\pnrpnsp.dll
0x00007ff847540000 - 0x00007ff84760a000 	C:\Windows\SYSTEM32\DNSAPI.dll
0x00007ff849f40000 - 0x00007ff849f48000 	C:\Windows\System32\NSI.dll
0x00007ff847500000 - 0x00007ff84753a000 	C:\Windows\SYSTEM32\IPHLPAPI.DLL
0x00007ff8398d0000 - 0x00007ff8398de000 	C:\Windows\System32\winrnr.dll
0x00007ff844be0000 - 0x00007ff844bfc000 	C:\Windows\system32\NLAapi.dll
0x00007ff834ea0000 - 0x00007ff834eb5000 	C:\Windows\system32\wshbth.dll
0x00007ff83f810000 - 0x00007ff83f81a000 	C:\Windows\System32\rasadhlp.dll
0x00007ff841e70000 - 0x00007ff841ee7000 	C:\Windows\System32\fwpuclnt.dll
0x00007ff848020000 - 0x00007ff848046000 	C:\Windows\System32\bcrypt.dll
0x00007ff847360000 - 0x00007ff847393000 	C:\Windows\system32\rsaenh.dll
0x00007ff847e50000 - 0x00007ff847e75000 	C:\Windows\SYSTEM32\USERENV.dll
0x00007ff847970000 - 0x00007ff84797c000 	C:\Windows\SYSTEM32\CRYPTBASE.dll
0x00007ff8422c0000 - 0x00007ff8422d6000 	C:\Windows\SYSTEM32\dhcpcsvc6.DLL
0x00007ff8422a0000 - 0x00007ff8422bc000 	C:\Windows\SYSTEM32\dhcpcsvc.DLL

dbghelp: loaded successfully - version: 4.0.5 - missing functions: none
symbol engine: initialized successfully - sym options: 0x614 - pdb path: .;C:\Program Files\Java\jdk-11.0.8\bin;C:\Windows\SYSTEM32;C:\Windows\WinSxS\amd64_microsoft.windows.common-controls_6595b64144ccf1df_6.0.18362.116_none_e6c4ac41130f2c3a;C:\Program Files\Java\jdk-11.0.8\bin\server

VM Arguments:
jvm_args: -agentlib:jdwp=transport=dt_socket,address=127.0.0.1:54088,suspend=y,server=n -javaagent:C:\Users\Lúcia\.IdeaIC2019.1\system\captureAgent\debugger-agent.jar -Dfile.encoding=UTF-8 
java_command: com.example.FoodManagement.FoodManagementApplication
java_class_path (initial): I:\workspace\FoodManagement2\FoodManagement\target\classes;C:\Users\Lúcia\.m2\repository\org\springframework\boot\spring-boot-starter-data-jpa\2.4.4\spring-boot-starter-data-jpa-2.4.4.jar;C:\Users\Lúcia\.m2\repository\org\springframework\boot\spring-boot-starter-aop\2.4.4\spring-boot-starter-aop-2.4.4.jar;C:\Users\Lúcia\.m2\repository\org\springframework\spring-aop\5.3.5\spring-aop-5.3.5.jar;C:\Users\Lúcia\.m2\repository\org\aspectj\aspectjweaver\1.9.6\aspectjweaver-1.9.6.jar;C:\Users\Lúcia\.m2\repository\org\springframework\boot\spring-boot-starter-jdbc\2.4.4\spring-boot-starter-jdbc-2.4.4.jar;C:\Users\Lúcia\.m2\repository\com\zaxxer\HikariCP\3.4.5\HikariCP-3.4.5.jar;C:\Users\Lúcia\.m2\repository\org\springframework\spring-jdbc\5.3.5\spring-jdbc-5.3.5.jar;C:\Users\Lúcia\.m2\repository\jakarta\transaction\jakarta.transaction-api\1.3.3\jakarta.transaction-api-1.3.3.jar;C:\Users\Lúcia\.m2\repository\jakarta\persistence\jakarta.persistence-api\2.2.3\jakarta.persistence-api-2.2.3.jar;C:\Users\Lúcia\.m2\repository\org\hibernate\hibernate-core\5.4.29.Final\hibernate-core-5.4.29.Final.jar;C:\Users\Lúcia\.m2\repository\org\jboss\logging\jboss-logging\3.4.1.Final\jboss-logging-3.4.1.Final.jar;C:\Users\Lúcia\.m2\repository\org\javassist\javassist\3.27.0-GA\javassist-3.27.0-GA.jar;C:\Users\Lúcia\.m2\repository\net\bytebuddy\byte-buddy\1.10.22\byte-buddy-1.10.22.jar;C:\Users\Lúcia\.m2\repository\antlr\antlr\2.7.7\antlr-2.7.7.jar;C:\Users\Lúcia\.m2\repository\org\jboss\jandex\2.2.3.Final\jandex-2.2.3.Final.jar;C:\Users\Lúcia\.m2\repository\com\fasterxml\classmate\1.5.1\classmate-1.5.1.jar;C:\Users\Lúcia\.m2\repository\org\dom4j\dom4j\2.1.3\dom4j-2.1.3.jar;C:\Users\Lúcia\.m2\repository\org\hibernate\common\hibernate-commons-annotations\5.1.2.Final\hibernate-commons-annotations-5.1.2.Final.jar;C:\Users\Lúcia\.m2\repository\org\glassfish\jaxb\jaxb-runtime\2.3.3\jaxb-runtime-2.3.3.jar;C:\Users\Lúcia\.m2\repository\org\glassfish\jaxb\txw2\2.3.3\txw2-2.3.3
Launcher Type: SUN_STANDARD

[Global flags]
     intx CICompilerCount                          = 4                                         {product} {ergonomic}
     uint ConcGCThreads                            = 3                                         {product} {ergonomic}
     uint G1ConcRefinementThreads                  = 10                                        {product} {ergonomic}
   size_t G1HeapRegionSize                         = 1048576                                   {product} {ergonomic}
    uintx GCDrainStackTargetSize                   = 64                                        {product} {ergonomic}
   size_t InitialHeapSize                          = 268435456                                 {product} {ergonomic}
   size_t MarkStackSize                            = 4194304                                   {product} {ergonomic}
   size_t MaxHeapSize                              = 4282384384                                {product} {ergonomic}
   size_t MaxNewSize                               = 2569011200                                {product} {ergonomic}
   size_t MinHeapDeltaBytes                        = 1048576                                   {product} {ergonomic}
    uintx NonNMethodCodeHeapSize                   = 5836300                                {pd product} {ergonomic}
    uintx NonProfiledCodeHeapSize                  = 122910970                              {pd product} {ergonomic}
    uintx ProfiledCodeHeapSize                     = 122910970                              {pd product} {ergonomic}
    uintx ReservedCodeCacheSize                    = 251658240                              {pd product} {ergonomic}
     bool SegmentedCodeCache                       = true                                      {product} {ergonomic}
     bool UseCompressedClassPointers               = true                                 {lp64_product} {ergonomic}
     bool UseCompressedOops                        = true                                 {lp64_product} {ergonomic}
     bool UseG1GC                                  = true                                      {product} {ergonomic}
     bool UseLargePagesIndividualAllocation        = false                                  {pd product} {ergonomic}

Logging:
Log output configuration:
 #0: stdout all=warning uptime,level,tags
 #1: stderr all=off uptime,level,tags

Environment Variables:
PATH=C:\Program Files\Common Files\Oracle\Java\javapath;C:\ProgramData\Oracle\Java\javapath;C:\Windows\system32;C:\Windows;C:\Windows\System32\Wbem;C:\Windows\System32\WindowsPowerShell\v1.0\;C:\Windows\System32\OpenSSH\;C:\Program Files\nodejs\;C:\Program Files\Git\cmd;C:\Program Files\TortoiseGit\bin;C:\Users\Lúcia\AppData\Local\Microsoft\WindowsApps;;C:\Users\Lúcia\AppData\Local\Programs\Microsoft VS Code\bin;C:\Users\Lúcia\AppData\Roaming\npm
USERNAME=Lúcia
OS=Windows_NT
PROCESSOR_IDENTIFIER=AMD64 Family 23 Model 8 Stepping 2, AuthenticAMD



---------------  S Y S T E M  ---------------

OS: Windows 10 , 64 bit Build 18362 (10.0.18362.86)

CPU:total 12 (initial active 12) (12 cores per cpu, 2 threads per core) family 23 model 8 stepping 2, cmov, cx8, fxsr, mmx, sse, sse2, sse3, ssse3, sse4.1, sse4.2, popcnt, avx, avx2, aes, clmul, mmxext, 3dnowpref, lzcnt, sse4a, ht, tsc, tscinvbit, tscinv, bmi1, bmi2, adx, sha, fma

Memory: 4k page, system-wide physical 16334M (4529M free)
TotalPageFile size 24391M (AvailPageFile size 26M)
current process WorkingSet (physical memory assigned to process): 365M, peak: 365M
current process commit charge ("private bytes"): 495M, peak: 547M

vm_info: Java HotSpot(TM) 64-Bit Server VM (11.0.8+10-LTS) for windows-amd64 JRE (11.0.8+10-LTS), built on Jun 16 2020 05:53:08 by "mach5one" with unknown MS VC++:1916

END.
